000000.000| ALWAYS| Logging started at 2020-07-25T18:52:18.875
000000.001| ALWAYS| Application Version:10.15.328.8759 - CL:3288759 - Build Date: Jul 15 2020 - Build Time:16:14:20
000000.001| ALWAYS| Log file c:/_data/wegame/wegameapps/è‹±é›„è”ç›Ÿ/LeagueClient/../Game/Logs/LeagueClient Logs/2020-07-25T18-52-18_21372_LeagueClientUx.log
000000.001| ALWAYS| Running LeagueClientUx version 10.15.328.8759
000000.001|   OKAY| Initial working directory: "c:\_data\wegame\wegameapps\Ó¢ĞÛÁªÃË\LeagueClient"
000000.002|   OKAY| Current process: "C:\_data\wegame\WeGameApps\è‹±é›„è”ç›Ÿ\LeagueClient\LeagueClientUx.exe"
000000.002|   OKAY| Command line arguments:
	--riotclient-auth-token=ijd8LNRFCeksbHT_q4GAZw
	--riotclient-app-port=1258
	--riotclient-tencent
	--no-rads
	--disable-self-update
	--region=TENCENT
	--locale=zh_CN
	--t.lcdshost=wt6-c-feapp.lol.qq.com
	--t.chathost=wt6-c-ejabberd.lol.qq.com
	--t.lq=https://wt6-c-login.lol.qq.com:8443
	--t.storeurl=https://wt6-c-store.lol.qq.com
	--t.rmsurl=wss://tjcloud-rms.lol.qq.com:443
	--rso-auth.url=https://prod-rso.lol.qq.com:3000
	--rso_platform_id=WT6
	--rso-auth.client=lol
	--t.location=loltencent.tjcloud.WT6
	--tglog-endpoint=https://tglogsz.datamore.qq.com/lolcli/report/
	--t.league_edge_url=https://ledge-wt6.lol.qq.com:22019
	--ccs=https://cc-wt6.lol.qq.com:8093
	--remoting-auth-token=TlXxATKMOfaBR-aAmBIBsg
	--app-port=1303
	--install-directory=c:\_data\wegame\wegameapps\é‘»éæ³Ÿé‘±æ—‚æ´˜\LeagueClient
	--app-name=LeagueClient
	--ux-name=LeagueClientUx
	--ux-helper-name=LeagueClientUxHelper
	--log-dir=LeagueClient Logs
	--crash-reporting=bugsplat
	--crash-environment=WT6
	--app-log-file-path=c:/_data/wegame/wegameapps/è‹±é›„è”ç›Ÿ/LeagueClient/../Game/Logs/LeagueClient Logs/2020-07-25T18-52-18_3148_LeagueClient.log
	--app-pid=3148
	--output-base-dir=c:/_data/wegame/wegameapps/é‘»éæ³Ÿé‘±æ—‚æ´˜/LeagueClient/../Game
	--no-proxy-server
000000.002|   OKAY| Memory Monitor enabled:
000000.002|   OKAY| - update interval 5s
000000.002|   OKAY| - memory delta threshold 10MiB
000000.002|   OKAY| - page fault delta threshold 100K
000000.002|   OKAY| - region count delta threshold 10
000000.006|   OKAY| Working Set Size: 12MiB Peak: 12MiB   Pagefile Usage: 134MiB Peak: 134MiB   Private Usage: 134MiB
000000.006|   OKAY| Paged Pool Usage: 0MiB Peak: 0MiB   Non-Paged Pool Usage: 0MiB Peak: 0MiB
000000.006|   OKAY| Committed Total: 204MiB   Committed Image: 148MiB   Committed Mapped: 3MiB   Committed Private: 51MiB   Reserved Total: 33MiB   Reserved Image: 0MiB   Reserved Mapped: 21MiB   Reserved Private: 11MiB   Free Total: 3858MiB   Limit: 4095MiB   Largest Free: 2038MiB   Region Count: 640
000000.006|   OKAY| Page Fault Count: 3K
000000.011| ALWAYS| Using Ux render executable path: LeagueClientUxRender.exe
000000.013| ALWAYS| Skipping Unsupported Argument: ccs
000000.013| ALWAYS| Skipping Unsupported Argument: disable-features
000000.013| ALWAYS| Skipping Unsupported Argument: disable-self-update
000000.013| ALWAYS| Skipping Unsupported Argument: no-rads
000000.013| ALWAYS| Skipping Unsupported Argument: product-version
000000.013| ALWAYS| Skipping Unsupported Argument: riotclient-app-port
000000.013| ALWAYS| Skipping Unsupported Argument: riotclient-auth-token
000000.013| ALWAYS| Skipping Unsupported Argument: riotclient-tencent
000000.013| ALWAYS| Skipping Unsupported Argument: rso-auth.client
000000.013| ALWAYS| Skipping Unsupported Argument: rso-auth.url
000000.013| ALWAYS| Skipping Unsupported Argument: rso_platform_id
000000.013| ALWAYS| Skipping Unsupported Argument: t.chathost
000000.013| ALWAYS| Skipping Unsupported Argument: t.lcdshost
000000.013| ALWAYS| Skipping Unsupported Argument: t.league_edge_url
000000.013| ALWAYS| Skipping Unsupported Argument: t.location
000000.013| ALWAYS| Skipping Unsupported Argument: t.lq
000000.013| ALWAYS| Skipping Unsupported Argument: t.rmsurl
000000.013| ALWAYS| Skipping Unsupported Argument: t.storeurl
000000.013| ALWAYS| Skipping Unsupported Argument: tglog-endpoint
000000.013| ALWAYS| Cef CommandLine: c:/_data/wegame/wegameapps/è‹±é›„è”ç›Ÿ/LeagueClient/LeagueClientUx.exe --app-log-file-path="c:/_data/wegame/wegameapps/è‹±é›„è”ç›Ÿ/LeagueClient/../Game/Logs/LeagueClient Logs/2020-07-25T18-52-18_3148_LeagueClient.log" --app-name=LeagueClient --app-pid=3148 --app-port=1303 --browser-subprocess-path=LeagueClientUxRender.exe --crash-environment=WT6 --crash-reporting=bugsplat --install-directory="c:\_data\wegame\wegameapps\é‘»éæ³Ÿé‘±æ—‚æ´˜\LeagueClient" --lang=en-US --locale=zh_CN --log-dir="LeagueClient Logs" --log-file="c:\_data\wegame\wegameapps\è‹±é›„è”ç›Ÿ\LeagueClient\debug.log" --no-proxy-server --no-sandbox --output-base-dir=c:/_data/wegame/wegameapps/é‘»éæ³Ÿé‘±æ—‚æ´˜/LeagueClient/../Game --region=TENCENT --remoting-auth-token=TlXxATKMOfaBR-aAmBIBsg --ux-helper-name=LeagueClientUxHelper --ux-name=LeagueClientUx --disable-spell-checking --no-displaying-insecure-content --force-device-scale-factor=1 --disable-features=NetworkService,HardwareMediaKeyHandling --autoplay-policy=no-user-gesture-required --disable-extensions
000000.102| ALWAYS| Initial dpiScale = 1.000000
000000.102| ALWAYS| Using cookie store at c:/_data/wegame/wegameapps/é‘»éæ³Ÿé‘±æ—‚æ´˜/LeagueClient/../Game/Cookies
000000.102|   OKAY| Creating browser process.
000000.103| ALWAYS| App file system path is: c:\_data\wegame\wegameapps\Ó¢ĞÛÁªÃË\LeagueClient\
000000.103| ALWAYS| Plugins file system path used : Plugins\.
000000.103| ALWAYS| CEF Version: 74.1.19+gb62bacf+chromium-74.0.3729.157
000000.103| ALWAYS| Trying to connect to app process, multiple attempts are normal.
000000.634|   WARN| RemotingClientTransport: Couldn't connect to host, select() timed out after 500ms.
000001.186|   WARN| RemotingClientTransport: Couldn't connect to host, select() timed out after 500ms.
000001.254| ALWAYS| Connected to app process after 3 attempts.
000001.277| ALWAYS| Backend process is now running, will proceed with 0 delayed tasks.
000001.296|   WARN| Plugin desc for rcp-fe-gdp-live contains a different version "1.7.0" than expected "1.6.5" that is compatible.
000001.339|   OKAY| Setting mouse intercept hook.
000001.359|   OKAY| New window requested at 0,0 with dimensions 1280,720.
000001.360|   OKAY| Creating ux window with url https://riot:TlXxATKMOfaBR-aAmBIBsg@127.0.0.1:1303/bootstrap.html.
000001.360| ALWAYS| Deleting non-whitelisted cookies
000001.360|   OKAY| Running message loop.
000001.368| ALWAYS| Deleting cookie (eas_sid) with domain (.qq.com) which does not match whitelist
000001.368| ALWAYS| Deleting cookie (eas_entry) with domain (lol.qq.com) which does not match whitelist
000001.368| ALWAYS| Deleting cookie (LW_sid) with domain (.qq.com) which does not match whitelist
000001.368| ALWAYS| Deleting cookie (LW_uid) with domain (.qq.com) which does not match whitelist
000001.368| ALWAYS| Deleting cookie (isHostDate) with domain (.lol.qq.com) which does not match whitelist
000001.368| ALWAYS| Deleting cookie (PTTuserFirstTime) with domain (.lol.qq.com) which does not match whitelist
000001.368| ALWAYS| Deleting cookie (isOsSysDate) with domain (.lol.qq.com) which does not match whitelist
000001.368| ALWAYS| Deleting cookie (PTTosSysFirstTime) with domain (.lol.qq.com) which does not match whitelist
000001.368| ALWAYS| Deleting cookie (isOsDate) with domain (.lol.qq.com) which does not match whitelist
000001.368| ALWAYS| Deleting cookie (PTTosFirstTime) with domain (.lol.qq.com) which does not match whitelist
000001.368| ALWAYS| Deleting cookie (pgv_pvid) with domain (.qq.com) which does not match whitelist
000001.368| ALWAYS| Deleting cookie (ts_uid) with domain (.lol.qq.com) which does not match whitelist
000001.368| ALWAYS| Deleting cookie (weekloop) with domain (.lol.qq.com) which does not match whitelist
000001.368| ALWAYS| Deleting cookie (pt2gguin) with domain (.ptlogin2.qq.com) which does not match whitelist
000001.368| ALWAYS| Deleting cookie (pt_recent_uins) with domain (.ptlogin2.qq.com) which does not match whitelist
000001.368| ALWAYS| Deleting cookie (RK) with domain (.qq.com) which does not match whitelist
000001.368| ALWAYS| Deleting cookie (ptcz) with domain (.qq.com) which does not match whitelist
000001.590|   OKAY| Creating main WindowAppModule window 1.
000001.597|   OKAY| Creating main browser window 1.
000001.606|   OKAY| BrowserProcess::OnLoadingStateChange browserId = 1, mainFrameId = -4, uri = "", loading = true
000001.606|   OKAY| BrowserProcess::OnBeforeBrowse browserId = 1, mainFrameId = -4, frameId = -4, mainUri = "", uri = "", transitionType = "TT_EXPLICIT", request = "GET https://riot:TlXxATKMOfaBR-aAmBIBsg@127.0.0.1:1303/bootstrap.html", isRedirect = false
000001.719|   OKAY| render_pid = 22028
000001.736|   OKAY| BrowserProcess::OnLoadStart browserId = 1, mainFrameId = 3, frameId = 3, mainUri = "https://riot:TlXxATKMOfaBR-aAmBIBsg@127.0.0.1:1303/bootstrap.html", uri = "https://riot:TlXxATKMOfaBR-aAmBIBsg@127.0.0.1:1303/bootstrap.html"
000001.745|   OKAY| BrowserProcess::OnLoadEnd browserId = 1, mainFrameId = 3, frameId = 3, mainUri = "https://riot:TlXxATKMOfaBR-aAmBIBsg@127.0.0.1:1303/bootstrap.html", uri = "https://riot:TlXxATKMOfaBR-aAmBIBsg@127.0.0.1:1303/bootstrap.html", httpStatusCode = 404
000001.746|   OKAY| BrowserProcess::OnBeforeBrowse browserId = 1, mainFrameId = 3, frameId = 3, mainUri = "https://riot:TlXxATKMOfaBR-aAmBIBsg@127.0.0.1:1303/bootstrap.html", uri = "https://riot:TlXxATKMOfaBR-aAmBIBsg@127.0.0.1:1303/bootstrap.html", transitionType = "TT_EXPLICIT", request = "GET https://riot:TlXxATKMOfaBR-aAmBIBsg@127.0.0.1:1303/index.html", isRedirect = false
000001.750|   OKAY| BrowserProcess::OnLoadStart browserId = 1, mainFrameId = 3, frameId = 3, mainUri = "https://riot:TlXxATKMOfaBR-aAmBIBsg@127.0.0.1:1303/index.html", uri = "https://riot:TlXxATKMOfaBR-aAmBIBsg@127.0.0.1:1303/index.html"
000001.765|   WARN| js: HTML Imports is deprecated and will be removed in M73, around March 2019. Please use ES modules instead. See https://www.chromestatus.com/features/5144752345317376 for more details.
000001.791| ALWAYS| Window 1 is now visible.
000001.792|   OKAY| BrowserProcess::OnLoadEnd browserId = 1, mainFrameId = 3, frameId = 3, mainUri = "https://riot:TlXxATKMOfaBR-aAmBIBsg@127.0.0.1:1303/index.html", uri = "https://riot:TlXxATKMOfaBR-aAmBIBsg@127.0.0.1:1303/index.html", httpStatusCode = 200
000001.792|   OKAY| Loaded url https://riot:TlXxATKMOfaBR-aAmBIBsg@127.0.0.1:1303/index.html in 55 ms.
000001.792|   OKAY| BrowserProcess::OnLoadingStateChange browserId = 1, mainFrameId = 3, uri = "https://riot:TlXxATKMOfaBR-aAmBIBsg@127.0.0.1:1303/index.html", loading = false
000001.842| ALWAYS| js: WebSocket event: OPEN (https://127.0.0.1:1303/fe/plugin-runner/rcp-fe-plugin-runner.js:1)
000001.842| ALWAYS| js: WAMP Handshake complete (https://127.0.0.1:1303/fe/plugin-runner/rcp-fe-plugin-runner.js:1)
000002.365|   WARN| js: document.registerElement is deprecated and will be removed in M73, around March 2019. Please use window.customElements.define instead. See https://www.chromestatus.com/features/4642138092470272 for more details. (https://127.0.0.1:1303/fe/lol-uikit/rcp-fe-lol-uikit.js:1)
000002.404|   WARN| js: Element.createShadowRoot is deprecated and will be removed in M73, around March 2019. Please use Element.attachShadow instead. See https://www.chromestatus.com/features/4507242028072960 for more details. (https://127.0.0.1:1303/fe/lol-uikit/rcp-fe-lol-uikit.js:1)
000002.498|  ERROR| js: Uncaught (in promise) TypeError: Cannot read property 'querySelector' of undefined (https://127.0.0.1:1303/fe/rpcs/rpcs_init.js:1)
000002.699| ALWAYS| js: init lwd messenger (webpack:///./lwd_messenger.js?:163)
000002.717| ALWAYS| js: register lwd message: show-popup-upload-file (webpack:///./lwd_messenger.js?:88)
000002.717| ALWAYS| js: register lwd message: friend-request (webpack:///./lwd_messenger.js?:88)
000002.717| ALWAYS| js: register lwd message: show-msgbox (webpack:///./lwd_messenger.js?:88)
000002.717| ALWAYS| js: register lwd message: hide-msgbox (webpack:///./lwd_messenger.js?:88)
000002.717| ALWAYS| js: register lwd message: toggle-msgbox (webpack:///./lwd_messenger.js?:88)
000002.717| ALWAYS| js: register lwd message: register-msg (webpack:///./lwd_messenger.js?:88)
000002.717| ALWAYS| js: register lwd message: unregister-msg (webpack:///./lwd_messenger.js?:88)
000002.717| ALWAYS| js: register lwd message: send-msg (webpack:///./lwd_messenger.js?:88)
000002.717| ALWAYS| js: register lwd message: show_antiAddiction (webpack:///./lwd_messenger.js?:88)
000002.717| ALWAYS| js: register lwd message: hide_antiAddiction (webpack:///./lwd_messenger.js?:88)
000002.717| ALWAYS| js: register lwd message: toggle_antiAddiction (webpack:///./lwd_messenger.js?:88)
000002.717| ALWAYS| js: register lwd message: close_client (webpack:///./lwd_messenger.js?:88)
000002.718| ALWAYS| js: register lwd message: antiAddiction_setTime (webpack:///./lwd_messenger.js?:88)
000002.718| ALWAYS| js: send_rpcs_msg (webpack:///./lwd_messenger.js?:71)
000002.718| ALWAYS| js: register lwd message: open-full-tv-page (webpack:///./lwd_messenger.js?:88)
000002.718| ALWAYS| js: register lwd message: close-tv-pop (webpack:///./lwd_messenger.js?:88)
000002.763| ALWAYS| js: message received (webpack:///./lwd_messenger.js?:128)
000002.763| ALWAYS| js: message received (webpack:///./lwd_messenger.js?:128)
000002.907| ALWAYS| js: lwd (webpack:///./lcu_event.js?:46)
000002.907| ALWAYS| js: lwd (webpack:///./lcu_event.js?:46)
000002.907| ALWAYS| js: lwd (webpack:///./lcu_event.js?:38)
000002.907| ALWAYS| js: lwd (webpack:///./lcu_event.js?:38)
000002.937|   WARN| js: ux-settings:warn Get machine spec 5 +0ms (https://127.0.0.1:1303/fe/lol-shared-components/rcp-fe-lol-shared-components.js:1)
000003.065| ALWAYS| js: Custom Elements: detected CEF 74 and registerElement API using v0 (https://127.0.0.1:1303/fe/common-libs/rcp-fe-common-libs.js:1)
000003.245| ALWAYS| js: plugin:navigation:patcher-basic-button-component willInsertElement() element exists, adding eventHandler +0ms (https://127.0.0.1:1303/fe/common-libs/rcp-fe-common-libs.js:1)
000003.246|   WARN| js: rcp-fe-lol-uikit:warn Element deprecation warning: +0ms (https://127.0.0.1:1303/fe/lol-uikit/rcp-fe-lol-uikit.js:1)
000003.292|   WARN| js: rcp-fe-lol-navigation:warn deprecation: addItem should receive `displayNameLocKey` through the options hash. +0ms (https://127.0.0.1:1303/fe/lol-navigation/rcp-fe-lol-navigation.js:1)
000003.310| ALWAYS| js: lwd (webpack:///./lcu_event.js?:26)
000003.310| ALWAYS| js: lwd (webpack:///./lcu_event.js?:26)
000003.469|   OKAY| BrowserProcess::OnLoadingStateChange browserId = 1, mainFrameId = 3, uri = "https://riot:TlXxATKMOfaBR-aAmBIBsg@127.0.0.1:1303/index.html", loading = true
000003.469|   OKAY| BrowserProcess::OnBeforeBrowse browserId = 1, mainFrameId = 3, frameId = -4, mainUri = "https://riot:TlXxATKMOfaBR-aAmBIBsg@127.0.0.1:1303/index.html", uri = "", transitionType = "TT_AUTO_SUBFRAME", request = "GET https://lol.qq.com/client/client_lcu.shtml", isRedirect = false
000003.515|   OKAY| BrowserProcess::OnLoadStart browserId = 1, mainFrameId = 3, frameId = 4, mainUri = "https://riot:TlXxATKMOfaBR-aAmBIBsg@127.0.0.1:1303/index.html", uri = "https://lol.qq.com/client/client_lcu.shtml"
000003.700| ALWAYS| js: message received (webpack:///./lwd_messenger.js?:128)
000003.781|   WARN| js: Synchronous XMLHttpRequest on the main thread is deprecated because of its detrimental effects to the end user's experience. For more help, check https://xhr.spec.whatwg.org/. (https://ossweb-img.qq.com/images/js/milo_bundle/milo.js:1)
000003.793|   OKAY| BrowserProcess::OnBeforeBrowse browserId = 1, mainFrameId = 3, frameId = -4, mainUri = "https://riot:TlXxATKMOfaBR-aAmBIBsg@127.0.0.1:1303/index.html", uri = "", transitionType = "TT_AUTO_SUBFRAME TT_CLIENT_REDIRECT_FLAG TT_IS_REDIRECT_MASK", request = "GET https://lol.qq.com/client/v2/index.html#/", isRedirect = false
000003.842|  ERROR| BrowserProcess::OnLoadError browserId = 1, mainFrameId = 3, frameId = 4, mainUri = "https://riot:TlXxATKMOfaBR-aAmBIBsg@127.0.0.1:1303/index.html", uri = "https://lol.qq.com/client/client_lcu.shtml", failedUrl = "https://lol.qq.com/client/client_lcu.shtml"
000003.842|   WARN| Failed to load URL "https://lol.qq.com/client/client_lcu.shtml" with error "ERR_ABORTED" (-3). ERR_ABORTED
000003.842|   OKAY| BrowserProcess::OnLoadEnd browserId = 1, mainFrameId = 3, frameId = 4, mainUri = "https://riot:TlXxATKMOfaBR-aAmBIBsg@127.0.0.1:1303/index.html", uri = "https://lol.qq.com/client/client_lcu.shtml", httpStatusCode = -3
000003.842|   OKAY| Loaded url https://lol.qq.com/client/client_lcu.shtml in 326 ms.
000003.842|   OKAY| BrowserProcess::OnLoadStart browserId = 1, mainFrameId = 3, frameId = 4, mainUri = "https://riot:TlXxATKMOfaBR-aAmBIBsg@127.0.0.1:1303/index.html", uri = "https://lol.qq.com/client/v2/index.html#/"
000003.967|   WARN| js: rcp-fe-lol-l10n:warn You are using a deprecated moment API, please use tra.moment +0ms (https://127.0.0.1:1303/fe/lol-l10n/rcp-fe-lol-l10n.js:1)
000003.987|   WARN| js: rcp-fe-lol-navigation:warn deprecation: addItem should receive `displayNameLocKey` through the options hash. +692ms (https://127.0.0.1:1303/fe/lol-navigation/rcp-fe-lol-navigation.js:1)
000004.018| ALWAYS| js: message received (webpack:///./lwd_messenger.js?:128)
000004.101| ALWAYS| js: å…³é—­å¼•å¯¼é¡µï¼Œç›´æ¥è¿›å…¥ (https://lol.qq.com/client/v2/js/app.js?17d52f2ed0d7b23fbeb1:1)
000004.687|   WARN| js: rcp-fe-lol-navigation:warn deprecation: addItem should receive `priority` through the options hash. +695ms (https://127.0.0.1:1303/fe/lol-navigation/rcp-fe-lol-navigation.js:1)
000004.687|   WARN| js: rcp-fe-lol-navigation:warn deprecation: addItem should receive `active` through the options hash. +0ms (https://127.0.0.1:1303/fe/lol-navigation/rcp-fe-lol-navigation.js:1)
000004.687|   WARN| js: rcp-fe-lol-navigation:warn deprecation: addItem should receive `alignment` through the options hash. +0ms (https://127.0.0.1:1303/fe/lol-navigation/rcp-fe-lol-navigation.js:1)
000004.687|   WARN| js: rcp-fe-lol-navigation:warn deprecation: addItem should receive `iconPath` through the options hash. +0ms (https://127.0.0.1:1303/fe/lol-navigation/rcp-fe-lol-navigation.js:1)
000004.688|   WARN| js: rcp-fe-lol-navigation:warn deprecation: addItem should receive `displayNameLocKey` through the options hash. +0ms (https://127.0.0.1:1303/fe/lol-navigation/rcp-fe-lol-navigation.js:1)
000004.763| ALWAYS| js: åŠ è½½å®Œæˆ (https://lol.qq.com/client/v2/js/app.js?17d52f2ed0d7b23fbeb1:1)
000004.763| ALWAYS| js: iDataæµé‡ç®¡å®¶å¹¿å‘Šä½ï¼ˆID:23395ï¼‰æ›å…‰ä¸ŠæŠ¥ (https://lol.qq.com/client/v2/js/app.js?17d52f2ed0d7b23fbeb1:1)
000004.763| ALWAYS| js: bannerId is undefined (https://lol.qq.com/client/v2/js/app.js?17d52f2ed0d7b23fbeb1:1)
000004.763| ALWAYS| js: bannerId is undefined (https://lol.qq.com/client/v2/js/app.js?17d52f2ed0d7b23fbeb1:1)
000004.763| ALWAYS| js: bannerId is undefined (https://lol.qq.com/client/v2/js/app.js?17d52f2ed0d7b23fbeb1:1)
000004.763| ALWAYS| js: iDataæµé‡ç®¡å®¶å¹¿å‘Šä½ï¼ˆID:23575ï¼‰æ›å…‰ä¸ŠæŠ¥ (https://lol.qq.com/client/v2/js/app.js?17d52f2ed0d7b23fbeb1:1)
000004.763| ALWAYS| js: ç»„ä»¶ç›‘æµ‹åˆ°æ‚¨åœ¨pgvMainæ‰§è¡Œå‰å·²ç»å°è¯•è§¦å‘PTTsendClickï¼Œè¯·ç¡®ä¿ä½ çš„ä»£ç ä¸­æœ‰æ‰§è¡ŒpgvMainï¼Œå¦åˆ™å°†ä¸ä¼šæœ‰ä»»ä½•çš„æ•°æ®ä¸ŠæŠ¥ (https://game.gtimg.cn/images/js/PTT/ping_tcss_tgideas_https_min.js:1)
000004.810| ALWAYS| js: Send message:  (https://lol.qq.com/client/lcu/js/client-helper.js:113)
000004.907| ALWAYS| js: message received (webpack:///./lwd_messenger.js?:128)
000004.907|   OKAY| BrowserProcess::OnBeforeBrowse browserId = 1, mainFrameId = 3, frameId = -4, mainUri = "https://riot:TlXxATKMOfaBR-aAmBIBsg@127.0.0.1:1303/index.html", uri = "", transitionType = "TT_AUTO_SUBFRAME", request = "GET https://lol.qq.com/client/client_lcu_bg.html", isRedirect = false
000004.908| ALWAYS| js: message received (webpack:///./lwd_messenger.js?:128)
000004.908| ALWAYS| js: message received (webpack:///./lwd_messenger.js?:128)
000004.908| ALWAYS| js: Send message:  (https://lol.qq.com/client/lcu/js/client-helper.js:113)
000004.915| ALWAYS| js: message received (webpack:///./lwd_messenger.js?:128)
000004.915| ALWAYS| js: message received (webpack:///./lwd_messenger.js?:128)
000004.915| ALWAYS| js: message received (webpack:///./lwd_messenger.js?:128)
000004.915| ALWAYS| js: message received (webpack:///./lwd_messenger.js?:128)
000004.915| ALWAYS| js: message received (webpack:///./lwd_messenger.js?:128)
000004.915| ALWAYS| js: [ctips_lcu_https] postMessage:  (https://lol.qq.com/biz/tcls/ctips_lcu_https.js:63)
000004.917| ALWAYS| js: æ‚¨æ­£åœ¨ä½¿ç”¨PTTæ•°æ®ä¸ŠæŠ¥ç»„ä»¶ï¼Œå¸®åŠ©æ–‡æ¡£å‚é˜…:http://tgideas.qq.com/ptt/ (https://game.gtimg.cn/images/js/PTT/ping_tcss_tgideas_https_min.js:1)
000004.923| ALWAYS| js: --- Begin Multiline (https://game.gtimg.cn/images/js/PTT/ping_tcss_tgideas_https_min.js:1) ---
000004.923| ALWAYS| js: pttplat=dcv_pc;
000004.923| ALWAYS| js: pttsitetype=ingame_os_ingame;
000004.923| ALWAYS| js: pttpagetype=clientv3;
000004.923| ALWAYS| js: pttpagename=å®¢æˆ·ç«¯æ–°é¦–é¡µ;
000004.923| ALWAYS| js: pttrefer=internal
000004.923| ALWAYS| js: --- End Multiline ---
000004.939| ALWAYS| js: b:ingame_gwpc.clientv3.pageexposure.section-1 (https://game.gtimg.cn/images/js/PTT/ping_tcss_tgideas_https_min.js:1)
000004.950| ALWAYS| js: message received (webpack:///./lwd_messenger.js?:128)
000004.975|   OKAY| BrowserProcess::OnLoadStart browserId = 1, mainFrameId = 3, frameId = 5, mainUri = "https://riot:TlXxATKMOfaBR-aAmBIBsg@127.0.0.1:1303/index.html", uri = "https://lol.qq.com/client/client_lcu_bg.html"
000005.007|   OKAY| Working Set Size: 104MiB (+92) Peak: 105MiB (+93)   Pagefile Usage: 182MiB (+48) Peak: 182MiB (+48)   Private Usage: 182MiB (+48)
000005.013|   WARN| js: rcp-fe-lol-l10n:warn You are using a deprecated moment API, please use tra.moment +1s (https://127.0.0.1:1303/fe/lol-l10n/rcp-fe-lol-l10n.js:1)
000005.153|   WARN| js: plugin:premade-voice:voice-button:warn Voice availability: {"connectedToVoiceServer":false,"disabledAfterLogin":false,"enabled":false,"showDisconnectedState":true,"showUI":false,"voiceChannelAvailable":false} +0ms (https://127.0.0.1:1303/fe/lol-premade-voice/rcp-fe-lol-premade-voice.js:1)
000005.154|   WARN| js: plugin:premade-voice:voice-button:warn Voice availability: {"connectedToVoiceServer":false,"disabledAfterLogin":false,"enabled":false,"showDisconnectedState":true,"showUI":false,"voiceChannelAvailable":false} +1ms (https://127.0.0.1:1303/fe/lol-premade-voice/rcp-fe-lol-premade-voice.js:1)
000005.236|  ERROR| js: Uncaught (in promise) TypeError: Cannot read property 'slice' of undefined (https://lol.qq.com/client/v2/js/app.js?17d52f2ed0d7b23fbeb1:1)
000005.263| ALWAYS| js: b:ingame_gwpc.clientv3.btn.noshowintro (https://game.gtimg.cn/images/js/PTT/ping_tcss_tgideas_https_min.js:1)
000005.324| ALWAYS| js: [lcu-bg] (https://lol.qq.com/client/client_lcu_bg.html:16)
000005.325| ALWAYS| js: Send message:  (https://lol.qq.com/client/lcu/js/client-helper.js:113)
000005.325| ALWAYS| js: Send message:  (https://lol.qq.com/client/lcu/js/client-helper.js:113)
000005.325| ALWAYS| js: Send message:  (https://lol.qq.com/client/lcu/js/client-helper.js:113)
000005.328| ALWAYS| js: message received (webpack:///./lwd_messenger.js?:128)
000005.329| ALWAYS| js: message received (webpack:///./lwd_messenger.js?:128)
000005.329| ALWAYS| js: message received (webpack:///./lwd_messenger.js?:128)
000005.329| ALWAYS| js: message received (webpack:///./lwd_messenger.js?:128)
000005.330| ALWAYS| js: éæ¯”èµ›æœ (https://lol.qq.com/client/client_lcu_bg.html:26)
000005.330| ALWAYS| js: Send message:  (https://lol.qq.com/client/lcu/js/client-helper.js:113)
000005.342| ALWAYS| js: message received (webpack:///./lwd_messenger.js?:128)
000005.345| ALWAYS| js: éæ¸¸æˆçŠ¶æ€ (https://lol.qq.com/client/client_lcu_bg.html:29)
000005.345| ALWAYS| js: Send message:  (https://lol.qq.com/client/lcu/js/client-helper.js:124)
000005.345| ALWAYS| js: message received (webpack:///./lwd_messenger.js?:128)
000005.467| ALWAYS| js: msgboxinit (https://lol.qq.com/client/v2/index.html:50)
000005.467| ALWAYS| js: Send message:  (https://lol.qq.com/client/lcu/js/client-helper.js:113)
000005.467| ALWAYS| js: message received (webpack:///./lwd_messenger.js?:128)
000005.468| ALWAYS| js: message received (webpack:///./lwd_messenger.js?:128)
000005.468| ALWAYS| js: message received (webpack:///./lwd_messenger.js?:128)
000005.798|   OKAY| BrowserProcess::OnLoadEnd browserId = 1, mainFrameId = 3, frameId = 5, mainUri = "https://riot:TlXxATKMOfaBR-aAmBIBsg@127.0.0.1:1303/index.html", uri = "https://lol.qq.com/client/client_lcu_bg.html", httpStatusCode = 200
000005.798|   OKAY| Loaded url https://lol.qq.com/client/client_lcu_bg.html in 822 ms.
000005.862|   WARN| js: rcp-fe-lol-l10n:warn You are using a deprecated moment API, please use tra.moment +844ms (https://127.0.0.1:1303/fe/lol-l10n/rcp-fe-lol-l10n.js:1)
000005.906| ALWAYS| js: message received (webpack:///./lwd_messenger.js?:128)
000005.988|   OKAY| BrowserProcess::OnLoadEnd browserId = 1, mainFrameId = 3, frameId = 4, mainUri = "https://riot:TlXxATKMOfaBR-aAmBIBsg@127.0.0.1:1303/index.html", uri = "https://lol.qq.com/client/v2/index.html#/", httpStatusCode = 200
000005.989|   OKAY| Loaded url https://lol.qq.com/client/v2/index.html#/ in 2146 ms.
000005.989|   OKAY| BrowserProcess::OnLoadingStateChange browserId = 1, mainFrameId = 3, uri = "https://riot:TlXxATKMOfaBR-aAmBIBsg@127.0.0.1:1303/index.html", loading = false
000005.995| ALWAYS| js: rcp-fe-lol-loading-screen:log hideLoadingScreen took 3006.185000005644 ms to hide +0ms (https://127.0.0.1:1303/fe/lol-loading-screen/rcp-fe-lol-loading-screen.js:1)
000005.996| ALWAYS| js: rcp-fe-lol-lock-and-load:info lockName rcp-fe-lol-lock-and-load:allPluginsLoaded unlocked after 3753ms. +0ms (https://127.0.0.1:1303/fe/lol-lock-and-load/rcp-fe-lol-lock-and-load.js:1)
000006.405| ALWAYS| js: message received (webpack:///./lwd_messenger.js?:128)
000006.405| ALWAYS| js: Send message:  (https://lol.qq.com/client/lcu/js/client-helper.js:113)
000006.405| ALWAYS| js: [ctips_lcu_https]get message: (https://lol.qq.com/biz/tcls/ctips_lcu_https.js:45)
000006.407| ALWAYS| js: message received (webpack:///./lwd_messenger.js?:128)
000006.592|   OKAY| BrowserProcess::OnLoadingStateChange browserId = 1, mainFrameId = 3, uri = "https://riot:TlXxATKMOfaBR-aAmBIBsg@127.0.0.1:1303/index.html", loading = true
000006.592|   OKAY| BrowserProcess::OnBeforeBrowse browserId = 1, mainFrameId = 3, frameId = -4, mainUri = "https://riot:TlXxATKMOfaBR-aAmBIBsg@127.0.0.1:1303/index.html", uri = "", transitionType = "TT_AUTO_SUBFRAME", request = "GET https://apps.game.qq.com//client_pop/idata_hall/tpl/322519/1.html?timestamp=&&client=lcu&uin=1575109778&area=20&node=1538&signature=&r=0.7009750622061046", isRedirect = false
000006.592| ALWAYS| js: [ctips_lcu_https]get TCLSCTIPS cookie: (https://lol.qq.com/biz/tcls/ctips_lcu_https.js:158)
000006.656|   OKAY| BrowserProcess::OnLoadStart browserId = 1, mainFrameId = 3, frameId = 6, mainUri = "https://riot:TlXxATKMOfaBR-aAmBIBsg@127.0.0.1:1303/index.html", uri = "https://apps.game.qq.com//client_pop/idata_hall/tpl/322519/1.html?timestamp=&&client=lcu&uin=1575109778&area=20&node=1538&signature=&r=0.7009750622061046"
000006.765|   OKAY| BrowserProcess::OnLoadEnd browserId = 1, mainFrameId = 3, frameId = 6, mainUri = "https://riot:TlXxATKMOfaBR-aAmBIBsg@127.0.0.1:1303/index.html", uri = "https://apps.game.qq.com//client_pop/idata_hall/tpl/322519/1.html?timestamp=&&client=lcu&uin=1575109778&area=20&node=1538&signature=&r=0.7009750622061046", httpStatusCode = 200
000006.765|   OKAY| Loaded url https://apps.game.qq.com//client_pop/idata_hall/tpl/322519/1.html?timestamp=&&client=lcu&uin=1575109778&area=20&node=1538&signature=&r=0.7009750622061046 in 109 ms.
000006.766|   OKAY| BrowserProcess::OnLoadingStateChange browserId = 1, mainFrameId = 3, uri = "https://riot:TlXxATKMOfaBR-aAmBIBsg@127.0.0.1:1303/index.html", loading = false
000008.309| ALWAYS| js: loadingå€’è®¡æ—¶5sç»“æŸ (webpack:///./popup_tv_home.js?:113)
000010.008|   OKAY| Working Set Size: 117MiB (+13) Peak: 117MiB (+12)   Pagefile Usage: 194MiB (+12) Peak: 194MiB (+12)   Private Usage: 194MiB (+12)
000014.907| ALWAYS| js: message received (webpack:///./lwd_messenger.js?:128)
000014.907| ALWAYS| js: Send message:  (https://lol.qq.com/client/lcu/js/client-helper.js:113)
000014.907| ALWAYS| js: message received (webpack:///./lwd_messenger.js?:128)
000034.767| ALWAYS| js: iDataæµé‡ç®¡å®¶å¹¿å‘Šä½ï¼ˆID:23399ï¼‰æ›å…‰ä¸ŠæŠ¥ (https://lol.qq.com/client/v2/js/app.js?17d52f2ed0d7b23fbeb1:1)
000034.768| ALWAYS| js: iDataæµé‡ç®¡å®¶å¹¿å‘Šä½ï¼ˆID:23402ï¼‰æ›å…‰ä¸ŠæŠ¥ (https://lol.qq.com/client/v2/js/app.js?17d52f2ed0d7b23fbeb1:1)
000034.768| ALWAYS| js: iDataæµé‡ç®¡å®¶å¹¿å‘Šä½ï¼ˆID:23401ï¼‰æ›å…‰ä¸ŠæŠ¥ (https://lol.qq.com/client/v2/js/app.js?17d52f2ed0d7b23fbeb1:1)
000034.768| ALWAYS| js: iDataæµé‡ç®¡å®¶å¹¿å‘Šä½ï¼ˆID:23400ï¼‰æ›å…‰ä¸ŠæŠ¥ (https://lol.qq.com/client/v2/js/app.js?17d52f2ed0d7b23fbeb1:1)
000034.768| ALWAYS| js: b:ingame_gwpc.clientv3.pageexposure.section-2 (https://game.gtimg.cn/images/js/PTT/ping_tcss_tgideas_https_min.js:1)
000046.765| ALWAYS| js: iDataæµé‡ç®¡å®¶å¹¿å‘Šä½ï¼ˆID:23403ï¼‰æ›å…‰ä¸ŠæŠ¥ (https://lol.qq.com/client/v2/js/app.js?17d52f2ed0d7b23fbeb1:1)
000046.765| ALWAYS| js: iDataæµé‡ç®¡å®¶å¹¿å‘Šä½ï¼ˆID:23406ï¼‰æ›å…‰ä¸ŠæŠ¥ (https://lol.qq.com/client/v2/js/app.js?17d52f2ed0d7b23fbeb1:1)
000046.765| ALWAYS| js: iDataæµé‡ç®¡å®¶å¹¿å‘Šä½ï¼ˆID:23405ï¼‰æ›å…‰ä¸ŠæŠ¥ (https://lol.qq.com/client/v2/js/app.js?17d52f2ed0d7b23fbeb1:1)
000046.765| ALWAYS| js: iDataæµé‡ç®¡å®¶å¹¿å‘Šä½ï¼ˆID:23404ï¼‰æ›å…‰ä¸ŠæŠ¥ (https://lol.qq.com/client/v2/js/app.js?17d52f2ed0d7b23fbeb1:1)
000046.765| ALWAYS| js: b:ingame_gwpc.clientv3.pageexposure.section-3 (https://game.gtimg.cn/images/js/PTT/ping_tcss_tgideas_https_min.js:1)
000052.717| ALWAYS| js: loadingå€’è®¡æ—¶50sç»“æŸ (webpack:///./popup_tv_home.js?:103)
000052.717| ALWAYS| js: å¯åŠ¨å‡½æ•° (webpack:///./popup_tv_home.js?:57)
000058.764| ALWAYS| js: iDataæµé‡ç®¡å®¶å¹¿å‘Šä½ï¼ˆID:23407ï¼‰æ›å…‰ä¸ŠæŠ¥ (https://lol.qq.com/client/v2/js/app.js?17d52f2ed0d7b23fbeb1:1)
000058.764| ALWAYS| js: iDataæµé‡ç®¡å®¶å¹¿å‘Šä½ï¼ˆID:23410ï¼‰æ›å…‰ä¸ŠæŠ¥ (https://lol.qq.com/client/v2/js/app.js?17d52f2ed0d7b23fbeb1:1)
000058.764| ALWAYS| js: iDataæµé‡ç®¡å®¶å¹¿å‘Šä½ï¼ˆID:23409ï¼‰æ›å…‰ä¸ŠæŠ¥ (https://lol.qq.com/client/v2/js/app.js?17d52f2ed0d7b23fbeb1:1)
000058.764| ALWAYS| js: iDataæµé‡ç®¡å®¶å¹¿å‘Šä½ï¼ˆID:23408ï¼‰æ›å…‰ä¸ŠæŠ¥ (https://lol.qq.com/client/v2/js/app.js?17d52f2ed0d7b23fbeb1:1)
000058.764| ALWAYS| js: b:ingame_gwpc.clientv3.pageexposure.section-4 (https://game.gtimg.cn/images/js/PTT/ping_tcss_tgideas_https_min.js:1)
000061.912|   WARN| js: plugin:premade-voice:voice-button:warn Voice availability: {"connectedToVoiceServer":true,"disabledAfterLogin":false,"enabled":false,"showDisconnectedState":false,"showUI":false,"voiceChannelAvailable":false} +57s (https://127.0.0.1:1303/fe/lol-premade-voice/rcp-fe-lol-premade-voice.js:1)
000070.765| ALWAYS| js: iDataæµé‡ç®¡å®¶å¹¿å‘Šä½ï¼ˆID:24017ï¼‰æ›å…‰ä¸ŠæŠ¥ (https://lol.qq.com/client/v2/js/app.js?17d52f2ed0d7b23fbeb1:1)
000070.765| ALWAYS| js: iDataæµé‡ç®¡å®¶å¹¿å‘Šä½ï¼ˆID:24021ï¼‰æ›å…‰ä¸ŠæŠ¥ (https://lol.qq.com/client/v2/js/app.js?17d52f2ed0d7b23fbeb1:1)
000070.765| ALWAYS| js: iDataæµé‡ç®¡å®¶å¹¿å‘Šä½ï¼ˆID:24020ï¼‰æ›å…‰ä¸ŠæŠ¥ (https://lol.qq.com/client/v2/js/app.js?17d52f2ed0d7b23fbeb1:1)
000070.765| ALWAYS| js: iDataæµé‡ç®¡å®¶å¹¿å‘Šä½ï¼ˆID:24019ï¼‰æ›å…‰ä¸ŠæŠ¥ (https://lol.qq.com/client/v2/js/app.js?17d52f2ed0d7b23fbeb1:1)
000070.765| ALWAYS| js: b:ingame_gwpc.clientv3.pageexposure.section-5 (https://game.gtimg.cn/images/js/PTT/ping_tcss_tgideas_https_min.js:1)
000082.766| ALWAYS| js: iDataæµé‡ç®¡å®¶å¹¿å‘Šä½ï¼ˆID:24022ï¼‰æ›å…‰ä¸ŠæŠ¥ (https://lol.qq.com/client/v2/js/app.js?17d52f2ed0d7b23fbeb1:1)
000082.766| ALWAYS| js: iDataæµé‡ç®¡å®¶å¹¿å‘Šä½ï¼ˆID:24025ï¼‰æ›å…‰ä¸ŠæŠ¥ (https://lol.qq.com/client/v2/js/app.js?17d52f2ed0d7b23fbeb1:1)
000082.766| ALWAYS| js: iDataæµé‡ç®¡å®¶å¹¿å‘Šä½ï¼ˆID:24024ï¼‰æ›å…‰ä¸ŠæŠ¥ (https://lol.qq.com/client/v2/js/app.js?17d52f2ed0d7b23fbeb1:1)
000082.766| ALWAYS| js: iDataæµé‡ç®¡å®¶å¹¿å‘Šä½ï¼ˆID:24023ï¼‰æ›å…‰ä¸ŠæŠ¥ (https://lol.qq.com/client/v2/js/app.js?17d52f2ed0d7b23fbeb1:1)
000082.766| ALWAYS| js: b:ingame_gwpc.clientv3.pageexposure.section-6 (https://game.gtimg.cn/images/js/PTT/ping_tcss_tgideas_https_min.js:1)
000094.765| ALWAYS| js: iDataæµé‡ç®¡å®¶å¹¿å‘Šä½ï¼ˆID:24200ï¼‰æ›å…‰ä¸ŠæŠ¥ (https://lol.qq.com/client/v2/js/app.js?17d52f2ed0d7b23fbeb1:1)
000094.765| ALWAYS| js: iDataæµé‡ç®¡å®¶å¹¿å‘Šä½ï¼ˆID:24209ï¼‰æ›å…‰ä¸ŠæŠ¥ (https://lol.qq.com/client/v2/js/app.js?17d52f2ed0d7b23fbeb1:1)
000094.765| ALWAYS| js: iDataæµé‡ç®¡å®¶å¹¿å‘Šä½ï¼ˆID:24208ï¼‰æ›å…‰ä¸ŠæŠ¥ (https://lol.qq.com/client/v2/js/app.js?17d52f2ed0d7b23fbeb1:1)
000094.765| ALWAYS| js: iDataæµé‡ç®¡å®¶å¹¿å‘Šä½ï¼ˆID:24207ï¼‰æ›å…‰ä¸ŠæŠ¥ (https://lol.qq.com/client/v2/js/app.js?17d52f2ed0d7b23fbeb1:1)
000094.765| ALWAYS| js: b:ingame_gwpc.clientv3.pageexposure.section-7 (https://game.gtimg.cn/images/js/PTT/ping_tcss_tgideas_https_min.js:1)
000120.858|   OKAY| Terminating via POST /process-control/v1/process/quit.
000120.904| ALWAYS| Window 1 is now hidden.
000120.925|   OKAY| Close browsers
000120.936|   OKAY| Main windows received quit command.
000121.016|   OKAY| Terminating window manager.
000121.022|   OKAY| Shutting down RiotRemoting.
000121.022|   OKAY| CacheStats: Purging Cache - Current cache stats:
000121.022|   OKAY| CacheStats: 273 total files in cache
000121.022|   OKAY| CacheStats: 30422879 total bytes in cache
000121.022|   OKAY| CacheStats: 283 total use count
000121.022|   OKAY| CacheStats: 4 unique files whose requests were served from cache
000121.022|   OKAY| CacheStats: 10 total file requests were served from cache
000121.022|   OKAY| CacheStats: 1723794 total bytes served from cache
000121.022|   OKAY| CacheStats: Purging Cache - Overall cache stats:
000121.022|   OKAY| CacheStats: 273 total files in cache
000121.022|   OKAY| CacheStats: 30422879 total bytes in cache
000121.022|   OKAY| CacheStats: 283 total use count
000121.022|   OKAY| CacheStats: 4 unique files whose requests were served from cache
000121.022|   OKAY| CacheStats: 10 total file requests were served from cache
000121.022|   OKAY| CacheStats: 1723794 total bytes served from cache
000121.028|   OKAY| ClientWebSocketTransport: Statistics at socket close:
000121.028|   OKAY| Reads - Count : 38   Total Bytes: 14121   Average Bytes: 371
000121.028|   OKAY| Writes - Count : 20   Total Bytes: 1459   Average Bytes: 72
000121.028|   OKAY| Retries: 0
000121.028|   OKAY| Releasing browser process.
000121.028| ALWAYS| Audio Stream Count max was 2 and the warning threshold was 4
000121.029|   OKAY| Shutting down CEF.
000121.044|   OKAY| Exiting ux.
000121.047|   OKAY| Working Set Size: 75MiB Peak: 117MiB   Pagefile Usage: 152MiB Peak: 194MiB   Private Usage: 152MiB
000121.047|   OKAY| Paged Pool Usage: 0MiB Peak: 0MiB   Non-Paged Pool Usage: 0MiB Peak: 0MiB
000121.047|   OKAY| Committed Total: 423MiB   Committed Image: 202MiB   Committed Mapped: 153MiB   Committed Private: 67MiB   Reserved Total: 103MiB   Reserved Image: 0MiB   Reserved Mapped: 21MiB   Reserved Private: 81MiB   Free Total: 3568MiB   Limit: 4095MiB   Largest Free: 2038MiB   Region Count: 1724
000121.047|   OKAY| Page Fault Count: 45K
